<?xml version="1.0" encoding="UTF-8"?>
<!-- Generated by org.testng.reporters.JUnitReportReporter -->
<testsuite hostname="DESKTOP-BCN4IQB" failures="0" tests="10" name="com.qa.salespos.scripts.POS_Login_TC$POS_Login" time="10.508" errors="0" timestamp="23 Jul 2023 05:51:55 GMT" skipped="0">
  <testcase classname="com.qa.salespos.scripts.POS_Login_TC$POS_Login" name="testPOS_Login_Step1" time="0.783"/>
  <testcase classname="com.qa.salespos.scripts.POS_Login_TC$POS_Login" name="testPOS_Login_Step2" time="3.066"/>
  <testcase classname="com.qa.salespos.scripts.POS_Login_TC$POS_Login" name="testPOS_Login_Step3" time="0.631"/>
  <testcase classname="com.qa.salespos.scripts.POS_Login_TC$POS_Login" name="testPOS_Login_Step4" time="0.787"/>
  <testcase classname="com.qa.salespos.scripts.POS_Login_TC$POS_Login" name="testPOS_Login_Step4" time="0.791"/>
  <testcase classname="com.qa.salespos.scripts.POS_Login_TC$POS_Login" name="testPOS_Login_Step4" time="0.704"/>
  <testcase classname="com.qa.salespos.scripts.POS_Login_TC$POS_Login" name="testPOS_Login_Step4" time="0.667"/>
  <testcase classname="com.qa.salespos.scripts.POS_Login_TC$POS_Login" name="testPOS_Login_Step4" time="0.663"/>
  <testcase classname="com.qa.salespos.scripts.POS_Login_TC$POS_Login" name="testPOS_Login_Step4" time="1.496"/>
  <testcase classname="com.qa.salespos.scripts.POS_Login_TC$POS_Login" name="testPOS_Login_Step4" time="0.920"/>
</testsuite> <!-- com.qa.salespos.scripts.POS_Login_TC$POS_Login -->
