<?xml version="1.0" encoding="UTF-8"?>
<!-- Generated by org.testng.reporters.JUnitReportReporter -->
<testsuite hostname="DESKTOP-BCN4IQB" failures="0" tests="11" name="com.qa.salespos.scripts.POS_Login_TC" time="10.263" errors="0" timestamp="23 Jul 2023 09:50:11 GMT" skipped="0">
  <testcase classname="com.qa.salespos.scripts.POS_Login_TC" name="testPOS_Login_Step1" time="0.820"/>
  <testcase classname="com.qa.salespos.scripts.POS_Login_TC" name="testPOS_Login_Step2" time="2.605"/>
  <testcase classname="com.qa.salespos.scripts.POS_Login_TC" name="testPOS_Login_Step3" time="0.577"/>
  <testcase classname="com.qa.salespos.scripts.POS_Login_TC" name="testPOS_Login_Step4" time="0.787"/>
  <testcase classname="com.qa.salespos.scripts.POS_Login_TC" name="testPOS_Login_Step4" time="0.648"/>
  <testcase classname="com.qa.salespos.scripts.POS_Login_TC" name="testPOS_Login_Step4" time="0.631"/>
  <testcase classname="com.qa.salespos.scripts.POS_Login_TC" name="testPOS_Login_Step4" time="0.650"/>
  <testcase classname="com.qa.salespos.scripts.POS_Login_TC" name="testPOS_Login_Step4" time="0.675"/>
  <testcase classname="com.qa.salespos.scripts.POS_Login_TC" name="testPOS_Login_Step4" time="0.752"/>
  <testcase classname="com.qa.salespos.scripts.POS_Login_TC" name="testPOS_Login_Step4" time="1.468"/>
  <testcase classname="com.qa.salespos.scripts.POS_Login_TC" name="testPOS_Login_Step4" time="0.650"/>
</testsuite> <!-- com.qa.salespos.scripts.POS_Login_TC -->
